"gcc -o conftest -I/Users/ht/.rubies/ruby-2.7.7/include/ruby-2.7.0/arm64-darwin21 -I/Users/ht/.rubies/ruby-2.7.7/include/ruby-2.7.0/ruby/backward -I/Users/ht/.rubies/ruby-2.7.7/include/ruby-2.7.0 -I.  -I/opt/homebrew/opt/openssl@1.1/include -I/opt/homebrew/opt/readline/include -I/opt/homebrew/opt/libyaml/include -I/opt/homebrew/opt/gdbm/include -D_XOPEN_SOURCE -D_DARWIN_C_SOURCE -D_DARWIN_UNLIMITED_SELECT -D_REENTRANT   -g -O2 -pipe conftest.c  -L. -L/Users/ht/.rubies/ruby-2.7.7/lib -L/opt/homebrew/opt/openssl@1.1/lib -L/opt/homebrew/opt/readline/lib -L/opt/homebrew/opt/libyaml/lib -L/opt/homebrew/opt/gdbm/lib -L. -fstack-protector-strong -L/opt/homebrew/opt/openssl@1.1/lib -L/opt/homebrew/opt/readline/lib -L/opt/homebrew/opt/libyaml/lib -L/opt/homebrew/opt/gdbm/lib  -m64   -lruby.2.7-static -framework Security -framework Foundation -lpthread -ldl -lobjc   "
ld: warning: ignoring file /Users/ht/.rubies/ruby-2.7.7/lib/libruby.2.7-static.a, building for macOS-x86_64 but attempting to link with file built for macOS-arm64
checked program was:
/* begin */
1: #include "ruby.h"
2: 
3: int main(int argc, char **argv)
4: {
5:   return !!argv[argc];
6: }
/* end */

package configuration for openssl is not found
have_library: checking for -lcrypto... -------------------- yes

"gcc -o conftest -I/Users/ht/.rubies/ruby-2.7.7/include/ruby-2.7.0/arm64-darwin21 -I/Users/ht/.rubies/ruby-2.7.7/include/ruby-2.7.0/ruby/backward -I/Users/ht/.rubies/ruby-2.7.7/include/ruby-2.7.0 -I.  -I/opt/homebrew/opt/openssl@1.1/include -I/opt/homebrew/opt/readline/include -I/opt/homebrew/opt/libyaml/include -I/opt/homebrew/opt/gdbm/include -D_XOPEN_SOURCE -D_DARWIN_C_SOURCE -D_DARWIN_UNLIMITED_SELECT -D_REENTRANT   -g -O2 -pipe conftest.c  -L. -L/Users/ht/.rubies/ruby-2.7.7/lib -L/opt/homebrew/opt/openssl@1.1/lib -L/opt/homebrew/opt/readline/lib -L/opt/homebrew/opt/libyaml/lib -L/opt/homebrew/opt/gdbm/lib -L. -fstack-protector-strong -L/opt/homebrew/opt/openssl@1.1/lib -L/opt/homebrew/opt/readline/lib -L/opt/homebrew/opt/libyaml/lib -L/opt/homebrew/opt/gdbm/lib  -m64   -lruby.2.7-static -framework Security -framework Foundation -lpthread -ldl -lobjc  -lcrypto  "
ld: warning: ignoring file /Users/ht/.rubies/ruby-2.7.7/lib/libruby.2.7-static.a, building for macOS-x86_64 but attempting to link with file built for macOS-arm64
ld: warning: ignoring file /opt/homebrew/opt/openssl@1.1/lib/libcrypto.dylib, building for macOS-x86_64 but attempting to link with file built for macOS-arm64
checked program was:
/* begin */
 1: #include "ruby.h"
 2: 
 3: /*top*/
 4: extern int t(void);
 5: int main(int argc, char **argv)
 6: {
 7:   if (argc > 1000000) {
 8:     int (* volatile tp)(void)=(int (*)(void))&t;
 9:     printf("%d", (*tp)());
10:   }
11: 
12:   return !!argv[argc];
13: }
14: 
15: int t(void) { ; return 0; }
/* end */

--------------------

have_library: checking for -lssl... -------------------- yes

"gcc -o conftest -I/Users/ht/.rubies/ruby-2.7.7/include/ruby-2.7.0/arm64-darwin21 -I/Users/ht/.rubies/ruby-2.7.7/include/ruby-2.7.0/ruby/backward -I/Users/ht/.rubies/ruby-2.7.7/include/ruby-2.7.0 -I.  -I/opt/homebrew/opt/openssl@1.1/include -I/opt/homebrew/opt/readline/include -I/opt/homebrew/opt/libyaml/include -I/opt/homebrew/opt/gdbm/include -D_XOPEN_SOURCE -D_DARWIN_C_SOURCE -D_DARWIN_UNLIMITED_SELECT -D_REENTRANT   -g -O2 -pipe conftest.c  -L. -L/Users/ht/.rubies/ruby-2.7.7/lib -L/opt/homebrew/opt/openssl@1.1/lib -L/opt/homebrew/opt/readline/lib -L/opt/homebrew/opt/libyaml/lib -L/opt/homebrew/opt/gdbm/lib -L. -fstack-protector-strong -L/opt/homebrew/opt/openssl@1.1/lib -L/opt/homebrew/opt/readline/lib -L/opt/homebrew/opt/libyaml/lib -L/opt/homebrew/opt/gdbm/lib  -m64   -lcrypto -lruby.2.7-static -framework Security -framework Foundation -lpthread -ldl -lobjc  -lcrypto -lssl  "
ld: warning: ignoring file /opt/homebrew/opt/openssl@1.1/lib/libcrypto.dylib, building for macOS-x86_64 but attempting to link with file built for macOS-arm64
ld: warning: ignoring file /Users/ht/.rubies/ruby-2.7.7/lib/libruby.2.7-static.a, building for macOS-x86_64 but attempting to link with file built for macOS-arm64
ld: warning: ignoring file /opt/homebrew/opt/openssl@1.1/lib/libssl.dylib, building for macOS-x86_64 but attempting to link with file built for macOS-arm64
checked program was:
/* begin */
 1: #include "ruby.h"
 2: 
 3: /*top*/
 4: extern int t(void);
 5: int main(int argc, char **argv)
 6: {
 7:   if (argc > 1000000) {
 8:     int (* volatile tp)(void)=(int (*)(void))&t;
 9:     printf("%d", (*tp)());
10:   }
11: 
12:   return !!argv[argc];
13: }
14: 
15: int t(void) { ; return 0; }
/* end */

--------------------

have_header: checking for openssl/ssl.h... -------------------- yes

"gcc -E -I/Users/ht/.rubies/ruby-2.7.7/include/ruby-2.7.0/arm64-darwin21 -I/Users/ht/.rubies/ruby-2.7.7/include/ruby-2.7.0/ruby/backward -I/Users/ht/.rubies/ruby-2.7.7/include/ruby-2.7.0 -I.  -I/opt/homebrew/opt/openssl@1.1/include -I/opt/homebrew/opt/readline/include -I/opt/homebrew/opt/libyaml/include -I/opt/homebrew/opt/gdbm/include -D_XOPEN_SOURCE -D_DARWIN_C_SOURCE -D_DARWIN_UNLIMITED_SELECT -D_REENTRANT   -g -O2 -pipe  conftest.c -o conftest.i"
checked program was:
/* begin */
1: #include "ruby.h"
2: 
3: #include <openssl/ssl.h>
/* end */

--------------------

have_header: checking for openssl/err.h... -------------------- yes

"gcc -E -I/Users/ht/.rubies/ruby-2.7.7/include/ruby-2.7.0/arm64-darwin21 -I/Users/ht/.rubies/ruby-2.7.7/include/ruby-2.7.0/ruby/backward -I/Users/ht/.rubies/ruby-2.7.7/include/ruby-2.7.0 -I.  -I/opt/homebrew/opt/openssl@1.1/include -I/opt/homebrew/opt/readline/include -I/opt/homebrew/opt/libyaml/include -I/opt/homebrew/opt/gdbm/include -D_XOPEN_SOURCE -D_DARWIN_C_SOURCE -D_DARWIN_UNLIMITED_SELECT -D_REENTRANT   -g -O2 -pipe  conftest.c -o conftest.i"
checked program was:
/* begin */
1: #include "ruby.h"
2: 
3: #include <openssl/err.h>
/* end */

--------------------

have_var: checking for rb_trap_immediate in ruby.h,rubysig.h... -------------------- no

"gcc -I/Users/ht/.rubies/ruby-2.7.7/include/ruby-2.7.0/arm64-darwin21 -I/Users/ht/.rubies/ruby-2.7.7/include/ruby-2.7.0/ruby/backward -I/Users/ht/.rubies/ruby-2.7.7/include/ruby-2.7.0 -I.  -I/opt/homebrew/opt/openssl@1.1/include -I/opt/homebrew/opt/readline/include -I/opt/homebrew/opt/libyaml/include -I/opt/homebrew/opt/gdbm/include -D_XOPEN_SOURCE -D_DARWIN_C_SOURCE -D_DARWIN_UNLIMITED_SELECT -D_REENTRANT   -g -O2 -pipe -m64  -c conftest.c"
In file included from conftest.c:4:
/Users/ht/.rubies/ruby-2.7.7/include/ruby-2.7.0/ruby/backward/rubysig.h:14:2: warning: rubysig.h is obsolete [-W#warnings]
#warning rubysig.h is obsolete
 ^
conftest.c:17:55: error: use of undeclared identifier 'rb_trap_immediate'; did you mean 'rb_trap_exit'?
int t(void) { const volatile void *volatile p; p = &(&rb_trap_immediate)[0]; return !p; }
                                                      ^~~~~~~~~~~~~~~~~
                                                      rb_trap_exit
/Users/ht/.rubies/ruby-2.7.7/include/ruby-2.7.0/ruby/backward.h:50:37: note: 'rb_trap_exit' declared here
DECLARE_DEPRECATED_INTERNAL_FEATURE(rb_trap_exit);
                                    ^
conftest.c:17:53: error: subscript of pointer to function type 'void (void) __attribute__((noreturn))'
int t(void) { const volatile void *volatile p; p = &(&rb_trap_immediate)[0]; return !p; }
                                                    ^~~~~~~~~~~~~~~~~~~~
1 warning and 2 errors generated.
checked program was:
/* begin */
 1: #include "ruby.h"
 2: 
 3: #include <ruby.h>
 4: #include <rubysig.h>
 5: 
 6: /*top*/
 7: extern int t(void);
 8: int main(int argc, char **argv)
 9: {
10:   if (argc > 1000000) {
11:     int (* volatile tp)(void)=(int (*)(void))&t;
12:     printf("%d", (*tp)());
13:   }
14: 
15:   return !!argv[argc];
16: }
17: int t(void) { const volatile void *volatile p; p = &(&rb_trap_immediate)[0]; return !p; }
/* end */

--------------------

have_func: checking for rb_thread_blocking_region()... -------------------- no

"gcc -o conftest -I/Users/ht/.rubies/ruby-2.7.7/include/ruby-2.7.0/arm64-darwin21 -I/Users/ht/.rubies/ruby-2.7.7/include/ruby-2.7.0/ruby/backward -I/Users/ht/.rubies/ruby-2.7.7/include/ruby-2.7.0 -I.  -I/opt/homebrew/opt/openssl@1.1/include -I/opt/homebrew/opt/readline/include -I/opt/homebrew/opt/libyaml/include -I/opt/homebrew/opt/gdbm/include -D_XOPEN_SOURCE -D_DARWIN_C_SOURCE -D_DARWIN_UNLIMITED_SELECT -D_REENTRANT   -g -O2 -pipe conftest.c  -L. -L/Users/ht/.rubies/ruby-2.7.7/lib -L/opt/homebrew/opt/openssl@1.1/lib -L/opt/homebrew/opt/readline/lib -L/opt/homebrew/opt/libyaml/lib -L/opt/homebrew/opt/gdbm/lib -L. -fstack-protector-strong -L/opt/homebrew/opt/openssl@1.1/lib -L/opt/homebrew/opt/readline/lib -L/opt/homebrew/opt/libyaml/lib -L/opt/homebrew/opt/gdbm/lib  -m64   -lcrypto -lssl -lruby.2.7-static -framework Security -framework Foundation -lpthread -ldl -lobjc  -lcrypto -lssl  "
conftest.c:14:57: error: use of undeclared identifier 'rb_thread_blocking_region'
int t(void) { void ((*volatile p)()); p = (void ((*)()))rb_thread_blocking_region; return !p; }
                                                        ^
1 error generated.
checked program was:
/* begin */
 1: #include "ruby.h"
 2: 
 3: /*top*/
 4: extern int t(void);
 5: int main(int argc, char **argv)
 6: {
 7:   if (argc > 1000000) {
 8:     int (* volatile tp)(void)=(int (*)(void))&t;
 9:     printf("%d", (*tp)());
10:   }
11: 
12:   return !!argv[argc];
13: }
14: int t(void) { void ((*volatile p)()); p = (void ((*)()))rb_thread_blocking_region; return !p; }
/* end */

"gcc -o conftest -I/Users/ht/.rubies/ruby-2.7.7/include/ruby-2.7.0/arm64-darwin21 -I/Users/ht/.rubies/ruby-2.7.7/include/ruby-2.7.0/ruby/backward -I/Users/ht/.rubies/ruby-2.7.7/include/ruby-2.7.0 -I.  -I/opt/homebrew/opt/openssl@1.1/include -I/opt/homebrew/opt/readline/include -I/opt/homebrew/opt/libyaml/include -I/opt/homebrew/opt/gdbm/include -D_XOPEN_SOURCE -D_DARWIN_C_SOURCE -D_DARWIN_UNLIMITED_SELECT -D_REENTRANT   -g -O2 -pipe conftest.c  -L. -L/Users/ht/.rubies/ruby-2.7.7/lib -L/opt/homebrew/opt/openssl@1.1/lib -L/opt/homebrew/opt/readline/lib -L/opt/homebrew/opt/libyaml/lib -L/opt/homebrew/opt/gdbm/lib -L. -fstack-protector-strong -L/opt/homebrew/opt/openssl@1.1/lib -L/opt/homebrew/opt/readline/lib -L/opt/homebrew/opt/libyaml/lib -L/opt/homebrew/opt/gdbm/lib  -m64   -lcrypto -lssl -lruby.2.7-static -framework Security -framework Foundation -lpthread -ldl -lobjc  -lcrypto -lssl  "
ld: warning: ignoring file /opt/homebrew/opt/openssl@1.1/lib/libssl.dylib, building for macOS-x86_64 but attempting to link with file built for macOS-arm64
ld: warning: ignoring file /Users/ht/.rubies/ruby-2.7.7/lib/libruby.2.7-static.a, building for macOS-x86_64 but attempting to link with file built for macOS-arm64
ld: warning: ignoring file /opt/homebrew/opt/openssl@1.1/lib/libcrypto.dylib, building for macOS-x86_64 but attempting to link with file built for macOS-arm64
Undefined symbols for architecture x86_64:
  "_rb_thread_blocking_region", referenced from:
      _t in conftest-b052a4.o
ld: symbol(s) not found for architecture x86_64
clang: error: linker command failed with exit code 1 (use -v to see invocation)
checked program was:
/* begin */
 1: #include "ruby.h"
 2: 
 3: /*top*/
 4: extern int t(void);
 5: int main(int argc, char **argv)
 6: {
 7:   if (argc > 1000000) {
 8:     int (* volatile tp)(void)=(int (*)(void))&t;
 9:     printf("%d", (*tp)());
10:   }
11: 
12:   return !!argv[argc];
13: }
14: extern void rb_thread_blocking_region();
15: int t(void) { rb_thread_blocking_region(); return 0; }
/* end */

--------------------

have_func: checking for rb_thread_call_without_gvl() in ruby/thread.h... -------------------- no

"gcc -o conftest -I/Users/ht/.rubies/ruby-2.7.7/include/ruby-2.7.0/arm64-darwin21 -I/Users/ht/.rubies/ruby-2.7.7/include/ruby-2.7.0/ruby/backward -I/Users/ht/.rubies/ruby-2.7.7/include/ruby-2.7.0 -I.  -I/opt/homebrew/opt/openssl@1.1/include -I/opt/homebrew/opt/readline/include -I/opt/homebrew/opt/libyaml/include -I/opt/homebrew/opt/gdbm/include -D_XOPEN_SOURCE -D_DARWIN_C_SOURCE -D_DARWIN_UNLIMITED_SELECT -D_REENTRANT   -g -O2 -pipe conftest.c  -L. -L/Users/ht/.rubies/ruby-2.7.7/lib -L/opt/homebrew/opt/openssl@1.1/lib -L/opt/homebrew/opt/readline/lib -L/opt/homebrew/opt/libyaml/lib -L/opt/homebrew/opt/gdbm/lib -L. -fstack-protector-strong -L/opt/homebrew/opt/openssl@1.1/lib -L/opt/homebrew/opt/readline/lib -L/opt/homebrew/opt/libyaml/lib -L/opt/homebrew/opt/gdbm/lib  -m64   -lcrypto -lssl -lruby.2.7-static -framework Security -framework Foundation -lpthread -ldl -lobjc  -lcrypto -lssl  "
ld: warning: ignoring file /opt/homebrew/opt/openssl@1.1/lib/libssl.dylib, building for macOS-x86_64 but attempting to link with file built for macOS-arm64
ld: warning: ignoring file /opt/homebrew/opt/openssl@1.1/lib/libcrypto.dylib, building for macOS-x86_64 but attempting to link with file built for macOS-arm64
ld: warning: ignoring file /Users/ht/.rubies/ruby-2.7.7/lib/libruby.2.7-static.a, building for macOS-x86_64 but attempting to link with file built for macOS-arm64
Undefined symbols for architecture x86_64:
  "_rb_thread_call_without_gvl", referenced from:
      _t in conftest-0384e3.o
ld: symbol(s) not found for architecture x86_64
clang: error: linker command failed with exit code 1 (use -v to see invocation)
checked program was:
/* begin */
 1: #include "ruby.h"
 2: 
 3: #include <ruby/thread.h>
 4: 
 5: /*top*/
 6: extern int t(void);
 7: int main(int argc, char **argv)
 8: {
 9:   if (argc > 1000000) {
10:     int (* volatile tp)(void)=(int (*)(void))&t;
11:     printf("%d", (*tp)());
12:   }
13: 
14:   return !!argv[argc];
15: }
16: int t(void) { void ((*volatile p)()); p = (void ((*)()))rb_thread_call_without_gvl; return !p; }
/* end */

"gcc -o conftest -I/Users/ht/.rubies/ruby-2.7.7/include/ruby-2.7.0/arm64-darwin21 -I/Users/ht/.rubies/ruby-2.7.7/include/ruby-2.7.0/ruby/backward -I/Users/ht/.rubies/ruby-2.7.7/include/ruby-2.7.0 -I.  -I/opt/homebrew/opt/openssl@1.1/include -I/opt/homebrew/opt/readline/include -I/opt/homebrew/opt/libyaml/include -I/opt/homebrew/opt/gdbm/include -D_XOPEN_SOURCE -D_DARWIN_C_SOURCE -D_DARWIN_UNLIMITED_SELECT -D_REENTRANT   -g -O2 -pipe conftest.c  -L. -L/Users/ht/.rubies/ruby-2.7.7/lib -L/opt/homebrew/opt/openssl@1.1/lib -L/opt/homebrew/opt/readline/lib -L/opt/homebrew/opt/libyaml/lib -L/opt/homebrew/opt/gdbm/lib -L. -fstack-protector-strong -L/opt/homebrew/opt/openssl@1.1/lib -L/opt/homebrew/opt/readline/lib -L/opt/homebrew/opt/libyaml/lib -L/opt/homebrew/opt/gdbm/lib  -m64   -lcrypto -lssl -lruby.2.7-static -framework Security -framework Foundation -lpthread -ldl -lobjc  -lcrypto -lssl  "
conftest.c:16:13: error: conflicting types for 'rb_thread_call_without_gvl'
extern void rb_thread_call_without_gvl();
            ^
/Users/ht/.rubies/ruby-2.7.7/include/ruby-2.7.0/ruby/thread.h:32:7: note: previous declaration is here
void *rb_thread_call_without_gvl(void *(*func)(void *), void *data1,
      ^
conftest.c:17:42: error: too few arguments to function call, expected 4, have 0
int t(void) { rb_thread_call_without_gvl(); return 0; }
              ~~~~~~~~~~~~~~~~~~~~~~~~~~ ^
/Users/ht/.rubies/ruby-2.7.7/include/ruby-2.7.0/ruby/thread.h:32:7: note: 'rb_thread_call_without_gvl' declared here
void *rb_thread_call_without_gvl(void *(*func)(void *), void *data1,
      ^
2 errors generated.
checked program was:
/* begin */
 1: #include "ruby.h"
 2: 
 3: #include <ruby/thread.h>
 4: 
 5: /*top*/
 6: extern int t(void);
 7: int main(int argc, char **argv)
 8: {
 9:   if (argc > 1000000) {
10:     int (* volatile tp)(void)=(int (*)(void))&t;
11:     printf("%d", (*tp)());
12:   }
13: 
14:   return !!argv[argc];
15: }
16: extern void rb_thread_call_without_gvl();
17: int t(void) { rb_thread_call_without_gvl(); return 0; }
/* end */

--------------------

have_func: checking for rb_thread_fd_select()... -------------------- no

"gcc -o conftest -I/Users/ht/.rubies/ruby-2.7.7/include/ruby-2.7.0/arm64-darwin21 -I/Users/ht/.rubies/ruby-2.7.7/include/ruby-2.7.0/ruby/backward -I/Users/ht/.rubies/ruby-2.7.7/include/ruby-2.7.0 -I.  -I/opt/homebrew/opt/openssl@1.1/include -I/opt/homebrew/opt/readline/include -I/opt/homebrew/opt/libyaml/include -I/opt/homebrew/opt/gdbm/include -D_XOPEN_SOURCE -D_DARWIN_C_SOURCE -D_DARWIN_UNLIMITED_SELECT -D_REENTRANT   -g -O2 -pipe conftest.c  -L. -L/Users/ht/.rubies/ruby-2.7.7/lib -L/opt/homebrew/opt/openssl@1.1/lib -L/opt/homebrew/opt/readline/lib -L/opt/homebrew/opt/libyaml/lib -L/opt/homebrew/opt/gdbm/lib -L. -fstack-protector-strong -L/opt/homebrew/opt/openssl@1.1/lib -L/opt/homebrew/opt/readline/lib -L/opt/homebrew/opt/libyaml/lib -L/opt/homebrew/opt/gdbm/lib  -m64   -lcrypto -lssl -lruby.2.7-static -framework Security -framework Foundation -lpthread -ldl -lobjc  -lcrypto -lssl  "
ld: warning: ignoring file /opt/homebrew/opt/openssl@1.1/lib/libcrypto.dylib, building for macOS-x86_64 but attempting to link with file built for macOS-arm64
ld: warning: ignoring file /opt/homebrew/opt/openssl@1.1/lib/libssl.dylib, building for macOS-x86_64 but attempting to link with file built for macOS-arm64
ld: warning: ignoring file /Users/ht/.rubies/ruby-2.7.7/lib/libruby.2.7-static.a, building for macOS-x86_64 but attempting to link with file built for macOS-arm64
Undefined symbols for architecture x86_64:
  "_rb_thread_fd_select", referenced from:
      _t in conftest-a6f7e1.o
ld: symbol(s) not found for architecture x86_64
clang: error: linker command failed with exit code 1 (use -v to see invocation)
checked program was:
/* begin */
 1: #include "ruby.h"
 2: 
 3: /*top*/
 4: extern int t(void);
 5: int main(int argc, char **argv)
 6: {
 7:   if (argc > 1000000) {
 8:     int (* volatile tp)(void)=(int (*)(void))&t;
 9:     printf("%d", (*tp)());
10:   }
11: 
12:   return !!argv[argc];
13: }
14: int t(void) { void ((*volatile p)()); p = (void ((*)()))rb_thread_fd_select; return !p; }
/* end */

"gcc -o conftest -I/Users/ht/.rubies/ruby-2.7.7/include/ruby-2.7.0/arm64-darwin21 -I/Users/ht/.rubies/ruby-2.7.7/include/ruby-2.7.0/ruby/backward -I/Users/ht/.rubies/ruby-2.7.7/include/ruby-2.7.0 -I.  -I/opt/homebrew/opt/openssl@1.1/include -I/opt/homebrew/opt/readline/include -I/opt/homebrew/opt/libyaml/include -I/opt/homebrew/opt/gdbm/include -D_XOPEN_SOURCE -D_DARWIN_C_SOURCE -D_DARWIN_UNLIMITED_SELECT -D_REENTRANT   -g -O2 -pipe conftest.c  -L. -L/Users/ht/.rubies/ruby-2.7.7/lib -L/opt/homebrew/opt/openssl@1.1/lib -L/opt/homebrew/opt/readline/lib -L/opt/homebrew/opt/libyaml/lib -L/opt/homebrew/opt/gdbm/lib -L. -fstack-protector-strong -L/opt/homebrew/opt/openssl@1.1/lib -L/opt/homebrew/opt/readline/lib -L/opt/homebrew/opt/libyaml/lib -L/opt/homebrew/opt/gdbm/lib  -m64   -lcrypto -lssl -lruby.2.7-static -framework Security -framework Foundation -lpthread -ldl -lobjc  -lcrypto -lssl  "
conftest.c:14:13: error: conflicting types for 'rb_thread_fd_select'
extern void rb_thread_fd_select();
            ^
/Users/ht/.rubies/ruby-2.7.7/include/ruby-2.7.0/ruby/intern.h:502:5: note: previous declaration is here
int rb_thread_fd_select(int, rb_fdset_t *, rb_fdset_t *, rb_fdset_t *, struct timeval *);
    ^
conftest.c:15:35: error: too few arguments to function call, expected 5, have 0
int t(void) { rb_thread_fd_select(); return 0; }
              ~~~~~~~~~~~~~~~~~~~ ^
/Users/ht/.rubies/ruby-2.7.7/include/ruby-2.7.0/ruby/intern.h:502:5: note: 'rb_thread_fd_select' declared here
int rb_thread_fd_select(int, rb_fdset_t *, rb_fdset_t *, rb_fdset_t *, struct timeval *);
    ^
2 errors generated.
checked program was:
/* begin */
 1: #include "ruby.h"
 2: 
 3: /*top*/
 4: extern int t(void);
 5: int main(int argc, char **argv)
 6: {
 7:   if (argc > 1000000) {
 8:     int (* volatile tp)(void)=(int (*)(void))&t;
 9:     printf("%d", (*tp)());
10:   }
11: 
12:   return !!argv[argc];
13: }
14: extern void rb_thread_fd_select();
15: int t(void) { rb_thread_fd_select(); return 0; }
/* end */

--------------------

have_type: checking for rb_fdset_t in ruby/intern.h... -------------------- yes

"gcc -I/Users/ht/.rubies/ruby-2.7.7/include/ruby-2.7.0/arm64-darwin21 -I/Users/ht/.rubies/ruby-2.7.7/include/ruby-2.7.0/ruby/backward -I/Users/ht/.rubies/ruby-2.7.7/include/ruby-2.7.0 -I.  -I/opt/homebrew/opt/openssl@1.1/include -I/opt/homebrew/opt/readline/include -I/opt/homebrew/opt/libyaml/include -I/opt/homebrew/opt/gdbm/include -D_XOPEN_SOURCE -D_DARWIN_C_SOURCE -D_DARWIN_UNLIMITED_SELECT -D_REENTRANT   -g -O2 -pipe -m64  -c conftest.c"
checked program was:
/* begin */
1: #include "ruby.h"
2: 
3: #include <ruby/intern.h>
4: 
5: /*top*/
6: typedef rb_fdset_t conftest_type;
7: int conftestval[sizeof(conftest_type)?1:-1];
/* end */

--------------------

have_func: checking for rb_wait_for_single_fd()... -------------------- no

"gcc -o conftest -I/Users/ht/.rubies/ruby-2.7.7/include/ruby-2.7.0/arm64-darwin21 -I/Users/ht/.rubies/ruby-2.7.7/include/ruby-2.7.0/ruby/backward -I/Users/ht/.rubies/ruby-2.7.7/include/ruby-2.7.0 -I.  -I/opt/homebrew/opt/openssl@1.1/include -I/opt/homebrew/opt/readline/include -I/opt/homebrew/opt/libyaml/include -I/opt/homebrew/opt/gdbm/include -D_XOPEN_SOURCE -D_DARWIN_C_SOURCE -D_DARWIN_UNLIMITED_SELECT -D_REENTRANT   -g -O2 -pipe conftest.c  -L. -L/Users/ht/.rubies/ruby-2.7.7/lib -L/opt/homebrew/opt/openssl@1.1/lib -L/opt/homebrew/opt/readline/lib -L/opt/homebrew/opt/libyaml/lib -L/opt/homebrew/opt/gdbm/lib -L. -fstack-protector-strong -L/opt/homebrew/opt/openssl@1.1/lib -L/opt/homebrew/opt/readline/lib -L/opt/homebrew/opt/libyaml/lib -L/opt/homebrew/opt/gdbm/lib  -m64   -lcrypto -lssl -lruby.2.7-static -framework Security -framework Foundation -lpthread -ldl -lobjc  -lcrypto -lssl  "
conftest.c:14:57: error: use of undeclared identifier 'rb_wait_for_single_fd'
int t(void) { void ((*volatile p)()); p = (void ((*)()))rb_wait_for_single_fd; return !p; }
                                                        ^
1 error generated.
checked program was:
/* begin */
 1: #include "ruby.h"
 2: 
 3: /*top*/
 4: extern int t(void);
 5: int main(int argc, char **argv)
 6: {
 7:   if (argc > 1000000) {
 8:     int (* volatile tp)(void)=(int (*)(void))&t;
 9:     printf("%d", (*tp)());
10:   }
11: 
12:   return !!argv[argc];
13: }
14: int t(void) { void ((*volatile p)()); p = (void ((*)()))rb_wait_for_single_fd; return !p; }
/* end */

"gcc -o conftest -I/Users/ht/.rubies/ruby-2.7.7/include/ruby-2.7.0/arm64-darwin21 -I/Users/ht/.rubies/ruby-2.7.7/include/ruby-2.7.0/ruby/backward -I/Users/ht/.rubies/ruby-2.7.7/include/ruby-2.7.0 -I.  -I/opt/homebrew/opt/openssl@1.1/include -I/opt/homebrew/opt/readline/include -I/opt/homebrew/opt/libyaml/include -I/opt/homebrew/opt/gdbm/include -D_XOPEN_SOURCE -D_DARWIN_C_SOURCE -D_DARWIN_UNLIMITED_SELECT -D_REENTRANT   -g -O2 -pipe conftest.c  -L. -L/Users/ht/.rubies/ruby-2.7.7/lib -L/opt/homebrew/opt/openssl@1.1/lib -L/opt/homebrew/opt/readline/lib -L/opt/homebrew/opt/libyaml/lib -L/opt/homebrew/opt/gdbm/lib -L. -fstack-protector-strong -L/opt/homebrew/opt/openssl@1.1/lib -L/opt/homebrew/opt/readline/lib -L/opt/homebrew/opt/libyaml/lib -L/opt/homebrew/opt/gdbm/lib  -m64   -lcrypto -lssl -lruby.2.7-static -framework Security -framework Foundation -lpthread -ldl -lobjc  -lcrypto -lssl  "
ld: warning: ignoring file /opt/homebrew/opt/openssl@1.1/lib/libssl.dylib, building for macOS-x86_64 but attempting to link with file built for macOS-arm64
ld: warning: ignoring file /Users/ht/.rubies/ruby-2.7.7/lib/libruby.2.7-static.a, building for macOS-x86_64 but attempting to link with file built for macOS-arm64
ld: warning: ignoring file /opt/homebrew/opt/openssl@1.1/lib/libcrypto.dylib, building for macOS-x86_64 but attempting to link with file built for macOS-arm64
Undefined symbols for architecture x86_64:
  "_rb_wait_for_single_fd", referenced from:
      _t in conftest-73690c.o
ld: symbol(s) not found for architecture x86_64
clang: error: linker command failed with exit code 1 (use -v to see invocation)
checked program was:
/* begin */
 1: #include "ruby.h"
 2: 
 3: /*top*/
 4: extern int t(void);
 5: int main(int argc, char **argv)
 6: {
 7:   if (argc > 1000000) {
 8:     int (* volatile tp)(void)=(int (*)(void))&t;
 9:     printf("%d", (*tp)());
10:   }
11: 
12:   return !!argv[argc];
13: }
14: extern void rb_wait_for_single_fd();
15: int t(void) { rb_wait_for_single_fd(); return 0; }
/* end */

--------------------

have_func: checking for rb_enable_interrupt()... -------------------- no

"gcc -o conftest -I/Users/ht/.rubies/ruby-2.7.7/include/ruby-2.7.0/arm64-darwin21 -I/Users/ht/.rubies/ruby-2.7.7/include/ruby-2.7.0/ruby/backward -I/Users/ht/.rubies/ruby-2.7.7/include/ruby-2.7.0 -I.  -I/opt/homebrew/opt/openssl@1.1/include -I/opt/homebrew/opt/readline/include -I/opt/homebrew/opt/libyaml/include -I/opt/homebrew/opt/gdbm/include -D_XOPEN_SOURCE -D_DARWIN_C_SOURCE -D_DARWIN_UNLIMITED_SELECT -D_REENTRANT   -g -O2 -pipe conftest.c  -L. -L/Users/ht/.rubies/ruby-2.7.7/lib -L/opt/homebrew/opt/openssl@1.1/lib -L/opt/homebrew/opt/readline/lib -L/opt/homebrew/opt/libyaml/lib -L/opt/homebrew/opt/gdbm/lib -L. -fstack-protector-strong -L/opt/homebrew/opt/openssl@1.1/lib -L/opt/homebrew/opt/readline/lib -L/opt/homebrew/opt/libyaml/lib -L/opt/homebrew/opt/gdbm/lib  -m64   -lcrypto -lssl -lruby.2.7-static -framework Security -framework Foundation -lpthread -ldl -lobjc  -lcrypto -lssl  "
conftest.c:14:57: error: use of undeclared identifier 'rb_enable_interrupt'
int t(void) { void ((*volatile p)()); p = (void ((*)()))rb_enable_interrupt; return !p; }
                                                        ^
1 error generated.
checked program was:
/* begin */
 1: #include "ruby.h"
 2: 
 3: /*top*/
 4: extern int t(void);
 5: int main(int argc, char **argv)
 6: {
 7:   if (argc > 1000000) {
 8:     int (* volatile tp)(void)=(int (*)(void))&t;
 9:     printf("%d", (*tp)());
10:   }
11: 
12:   return !!argv[argc];
13: }
14: int t(void) { void ((*volatile p)()); p = (void ((*)()))rb_enable_interrupt; return !p; }
/* end */

"gcc -o conftest -I/Users/ht/.rubies/ruby-2.7.7/include/ruby-2.7.0/arm64-darwin21 -I/Users/ht/.rubies/ruby-2.7.7/include/ruby-2.7.0/ruby/backward -I/Users/ht/.rubies/ruby-2.7.7/include/ruby-2.7.0 -I.  -I/opt/homebrew/opt/openssl@1.1/include -I/opt/homebrew/opt/readline/include -I/opt/homebrew/opt/libyaml/include -I/opt/homebrew/opt/gdbm/include -D_XOPEN_SOURCE -D_DARWIN_C_SOURCE -D_DARWIN_UNLIMITED_SELECT -D_REENTRANT   -g -O2 -pipe conftest.c  -L. -L/Users/ht/.rubies/ruby-2.7.7/lib -L/opt/homebrew/opt/openssl@1.1/lib -L/opt/homebrew/opt/readline/lib -L/opt/homebrew/opt/libyaml/lib -L/opt/homebrew/opt/gdbm/lib -L. -fstack-protector-strong -L/opt/homebrew/opt/openssl@1.1/lib -L/opt/homebrew/opt/readline/lib -L/opt/homebrew/opt/libyaml/lib -L/opt/homebrew/opt/gdbm/lib  -m64   -lcrypto -lssl -lruby.2.7-static -framework Security -framework Foundation -lpthread -ldl -lobjc  -lcrypto -lssl  "
ld: warning: ignoring file /opt/homebrew/opt/openssl@1.1/lib/libssl.dylib, building for macOS-x86_64 but attempting to link with file built for macOS-arm64
ld: warning: ignoring file /Users/ht/.rubies/ruby-2.7.7/lib/libruby.2.7-static.a, building for macOS-x86_64 but attempting to link with file built for macOS-arm64
ld: warning: ignoring file /opt/homebrew/opt/openssl@1.1/lib/libcrypto.dylib, building for macOS-x86_64 but attempting to link with file built for macOS-arm64
Undefined symbols for architecture x86_64:
  "_rb_enable_interrupt", referenced from:
      _t in conftest-e0bdf5.o
ld: symbol(s) not found for architecture x86_64
clang: error: linker command failed with exit code 1 (use -v to see invocation)
checked program was:
/* begin */
 1: #include "ruby.h"
 2: 
 3: /*top*/
 4: extern int t(void);
 5: int main(int argc, char **argv)
 6: {
 7:   if (argc > 1000000) {
 8:     int (* volatile tp)(void)=(int (*)(void))&t;
 9:     printf("%d", (*tp)());
10:   }
11: 
12:   return !!argv[argc];
13: }
14: extern void rb_enable_interrupt();
15: int t(void) { rb_enable_interrupt(); return 0; }
/* end */

--------------------

have_func: checking for rb_time_new()... -------------------- no

"gcc -o conftest -I/Users/ht/.rubies/ruby-2.7.7/include/ruby-2.7.0/arm64-darwin21 -I/Users/ht/.rubies/ruby-2.7.7/include/ruby-2.7.0/ruby/backward -I/Users/ht/.rubies/ruby-2.7.7/include/ruby-2.7.0 -I.  -I/opt/homebrew/opt/openssl@1.1/include -I/opt/homebrew/opt/readline/include -I/opt/homebrew/opt/libyaml/include -I/opt/homebrew/opt/gdbm/include -D_XOPEN_SOURCE -D_DARWIN_C_SOURCE -D_DARWIN_UNLIMITED_SELECT -D_REENTRANT   -g -O2 -pipe conftest.c  -L. -L/Users/ht/.rubies/ruby-2.7.7/lib -L/opt/homebrew/opt/openssl@1.1/lib -L/opt/homebrew/opt/readline/lib -L/opt/homebrew/opt/libyaml/lib -L/opt/homebrew/opt/gdbm/lib -L. -fstack-protector-strong -L/opt/homebrew/opt/openssl@1.1/lib -L/opt/homebrew/opt/readline/lib -L/opt/homebrew/opt/libyaml/lib -L/opt/homebrew/opt/gdbm/lib  -m64   -lcrypto -lssl -lruby.2.7-static -framework Security -framework Foundation -lpthread -ldl -lobjc  -lcrypto -lssl  "
ld: warning: ignoring file /opt/homebrew/opt/openssl@1.1/lib/libssl.dylib, building for macOS-x86_64 but attempting to link with file built for macOS-arm64
ld: warning: ignoring file /opt/homebrew/opt/openssl@1.1/lib/libcrypto.dylib, building for macOS-x86_64 but attempting to link with file built for macOS-arm64
ld: warning: ignoring file /Users/ht/.rubies/ruby-2.7.7/lib/libruby.2.7-static.a, building for macOS-x86_64 but attempting to link with file built for macOS-arm64
Undefined symbols for architecture x86_64:
  "_rb_time_new", referenced from:
      _t in conftest-eca541.o
ld: symbol(s) not found for architecture x86_64
clang: error: linker command failed with exit code 1 (use -v to see invocation)
checked program was:
/* begin */
 1: #include "ruby.h"
 2: 
 3: /*top*/
 4: extern int t(void);
 5: int main(int argc, char **argv)
 6: {
 7:   if (argc > 1000000) {
 8:     int (* volatile tp)(void)=(int (*)(void))&t;
 9:     printf("%d", (*tp)());
10:   }
11: 
12:   return !!argv[argc];
13: }
14: int t(void) { void ((*volatile p)()); p = (void ((*)()))rb_time_new; return !p; }
/* end */

"gcc -o conftest -I/Users/ht/.rubies/ruby-2.7.7/include/ruby-2.7.0/arm64-darwin21 -I/Users/ht/.rubies/ruby-2.7.7/include/ruby-2.7.0/ruby/backward -I/Users/ht/.rubies/ruby-2.7.7/include/ruby-2.7.0 -I.  -I/opt/homebrew/opt/openssl@1.1/include -I/opt/homebrew/opt/readline/include -I/opt/homebrew/opt/libyaml/include -I/opt/homebrew/opt/gdbm/include -D_XOPEN_SOURCE -D_DARWIN_C_SOURCE -D_DARWIN_UNLIMITED_SELECT -D_REENTRANT   -g -O2 -pipe conftest.c  -L. -L/Users/ht/.rubies/ruby-2.7.7/lib -L/opt/homebrew/opt/openssl@1.1/lib -L/opt/homebrew/opt/readline/lib -L/opt/homebrew/opt/libyaml/lib -L/opt/homebrew/opt/gdbm/lib -L. -fstack-protector-strong -L/opt/homebrew/opt/openssl@1.1/lib -L/opt/homebrew/opt/readline/lib -L/opt/homebrew/opt/libyaml/lib -L/opt/homebrew/opt/gdbm/lib  -m64   -lcrypto -lssl -lruby.2.7-static -framework Security -framework Foundation -lpthread -ldl -lobjc  -lcrypto -lssl  "
conftest.c:14:13: error: conflicting types for 'rb_time_new'
extern void rb_time_new();
            ^
/Users/ht/.rubies/ruby-2.7.7/include/ruby-2.7.0/ruby/intern.h:957:7: note: previous declaration is here
VALUE rb_time_new(time_t, long);
      ^
conftest.c:15:27: error: too few arguments to function call, expected 2, have 0
int t(void) { rb_time_new(); return 0; }
              ~~~~~~~~~~~ ^
/Users/ht/.rubies/ruby-2.7.7/include/ruby-2.7.0/ruby/intern.h:957:7: note: 'rb_time_new' declared here
VALUE rb_time_new(time_t, long);
      ^
2 errors generated.
checked program was:
/* begin */
 1: #include "ruby.h"
 2: 
 3: /*top*/
 4: extern int t(void);
 5: int main(int argc, char **argv)
 6: {
 7:   if (argc > 1000000) {
 8:     int (* volatile tp)(void)=(int (*)(void))&t;
 9:     printf("%d", (*tp)());
10:   }
11: 
12:   return !!argv[argc];
13: }
14: extern void rb_time_new();
15: int t(void) { rb_time_new(); return 0; }
/* end */

--------------------

have_func: checking for inotify_init() in sys/inotify.h... -------------------- no

"gcc -o conftest -I/Users/ht/.rubies/ruby-2.7.7/include/ruby-2.7.0/arm64-darwin21 -I/Users/ht/.rubies/ruby-2.7.7/include/ruby-2.7.0/ruby/backward -I/Users/ht/.rubies/ruby-2.7.7/include/ruby-2.7.0 -I.  -I/opt/homebrew/opt/openssl@1.1/include -I/opt/homebrew/opt/readline/include -I/opt/homebrew/opt/libyaml/include -I/opt/homebrew/opt/gdbm/include -D_XOPEN_SOURCE -D_DARWIN_C_SOURCE -D_DARWIN_UNLIMITED_SELECT -D_REENTRANT   -g -O2 -pipe conftest.c  -L. -L/Users/ht/.rubies/ruby-2.7.7/lib -L/opt/homebrew/opt/openssl@1.1/lib -L/opt/homebrew/opt/readline/lib -L/opt/homebrew/opt/libyaml/lib -L/opt/homebrew/opt/gdbm/lib -L. -fstack-protector-strong -L/opt/homebrew/opt/openssl@1.1/lib -L/opt/homebrew/opt/readline/lib -L/opt/homebrew/opt/libyaml/lib -L/opt/homebrew/opt/gdbm/lib  -m64   -lcrypto -lssl -lruby.2.7-static -framework Security -framework Foundation -lpthread -ldl -lobjc  -lcrypto -lssl  "
conftest.c:3:10: fatal error: 'sys/inotify.h' file not found
#include <sys/inotify.h>
         ^~~~~~~~~~~~~~~
1 error generated.
checked program was:
/* begin */
 1: #include "ruby.h"
 2: 
 3: #include <sys/inotify.h>
 4: 
 5: /*top*/
 6: extern int t(void);
 7: int main(int argc, char **argv)
 8: {
 9:   if (argc > 1000000) {
10:     int (* volatile tp)(void)=(int (*)(void))&t;
11:     printf("%d", (*tp)());
12:   }
13: 
14:   return !!argv[argc];
15: }
16: int t(void) { void ((*volatile p)()); p = (void ((*)()))inotify_init; return !p; }
/* end */

"gcc -o conftest -I/Users/ht/.rubies/ruby-2.7.7/include/ruby-2.7.0/arm64-darwin21 -I/Users/ht/.rubies/ruby-2.7.7/include/ruby-2.7.0/ruby/backward -I/Users/ht/.rubies/ruby-2.7.7/include/ruby-2.7.0 -I.  -I/opt/homebrew/opt/openssl@1.1/include -I/opt/homebrew/opt/readline/include -I/opt/homebrew/opt/libyaml/include -I/opt/homebrew/opt/gdbm/include -D_XOPEN_SOURCE -D_DARWIN_C_SOURCE -D_DARWIN_UNLIMITED_SELECT -D_REENTRANT   -g -O2 -pipe conftest.c  -L. -L/Users/ht/.rubies/ruby-2.7.7/lib -L/opt/homebrew/opt/openssl@1.1/lib -L/opt/homebrew/opt/readline/lib -L/opt/homebrew/opt/libyaml/lib -L/opt/homebrew/opt/gdbm/lib -L. -fstack-protector-strong -L/opt/homebrew/opt/openssl@1.1/lib -L/opt/homebrew/opt/readline/lib -L/opt/homebrew/opt/libyaml/lib -L/opt/homebrew/opt/gdbm/lib  -m64   -lcrypto -lssl -lruby.2.7-static -framework Security -framework Foundation -lpthread -ldl -lobjc  -lcrypto -lssl  "
conftest.c:3:10: fatal error: 'sys/inotify.h' file not found
#include <sys/inotify.h>
         ^~~~~~~~~~~~~~~
1 error generated.
checked program was:
/* begin */
 1: #include "ruby.h"
 2: 
 3: #include <sys/inotify.h>
 4: 
 5: /*top*/
 6: extern int t(void);
 7: int main(int argc, char **argv)
 8: {
 9:   if (argc > 1000000) {
10:     int (* volatile tp)(void)=(int (*)(void))&t;
11:     printf("%d", (*tp)());
12:   }
13: 
14:   return !!argv[argc];
15: }
16: extern void inotify_init();
17: int t(void) { inotify_init(); return 0; }
/* end */

--------------------

have_macro: checking for __NR_inotify_init in sys/syscall.h... -------------------- no

"gcc -I/Users/ht/.rubies/ruby-2.7.7/include/ruby-2.7.0/arm64-darwin21 -I/Users/ht/.rubies/ruby-2.7.7/include/ruby-2.7.0/ruby/backward -I/Users/ht/.rubies/ruby-2.7.7/include/ruby-2.7.0 -I.  -I/opt/homebrew/opt/openssl@1.1/include -I/opt/homebrew/opt/readline/include -I/opt/homebrew/opt/libyaml/include -I/opt/homebrew/opt/gdbm/include -D_XOPEN_SOURCE -D_DARWIN_C_SOURCE -D_DARWIN_UNLIMITED_SELECT -D_REENTRANT   -g -O2 -pipe -m64  -c conftest.c"
conftest.c:6:3: error: 
# error
  ^
conftest.c:7:1: error: expected identifier or '('
|:/ === __NR_inotify_init undefined === /:|
^
2 errors generated.
checked program was:
/* begin */
1: #include "ruby.h"
2: 
3: #include <sys/syscall.h>
4: /*top*/
5: #ifndef __NR_inotify_init
6: # error
7: |:/ === __NR_inotify_init undefined === /:|
8: #endif
/* end */

--------------------

have_func: checking for writev() in sys/uio.h... -------------------- yes

"gcc -o conftest -I/Users/ht/.rubies/ruby-2.7.7/include/ruby-2.7.0/arm64-darwin21 -I/Users/ht/.rubies/ruby-2.7.7/include/ruby-2.7.0/ruby/backward -I/Users/ht/.rubies/ruby-2.7.7/include/ruby-2.7.0 -I.  -I/opt/homebrew/opt/openssl@1.1/include -I/opt/homebrew/opt/readline/include -I/opt/homebrew/opt/libyaml/include -I/opt/homebrew/opt/gdbm/include -D_XOPEN_SOURCE -D_DARWIN_C_SOURCE -D_DARWIN_UNLIMITED_SELECT -D_REENTRANT   -g -O2 -pipe conftest.c  -L. -L/Users/ht/.rubies/ruby-2.7.7/lib -L/opt/homebrew/opt/openssl@1.1/lib -L/opt/homebrew/opt/readline/lib -L/opt/homebrew/opt/libyaml/lib -L/opt/homebrew/opt/gdbm/lib -L. -fstack-protector-strong -L/opt/homebrew/opt/openssl@1.1/lib -L/opt/homebrew/opt/readline/lib -L/opt/homebrew/opt/libyaml/lib -L/opt/homebrew/opt/gdbm/lib  -m64   -lcrypto -lssl -lruby.2.7-static -framework Security -framework Foundation -lpthread -ldl -lobjc  -lcrypto -lssl  "
ld: warning: ignoring file /opt/homebrew/opt/openssl@1.1/lib/libssl.dylib, building for macOS-x86_64 but attempting to link with file built for macOS-arm64
ld: warning: ignoring file /opt/homebrew/opt/openssl@1.1/lib/libcrypto.dylib, building for macOS-x86_64 but attempting to link with file built for macOS-arm64
ld: warning: ignoring file /Users/ht/.rubies/ruby-2.7.7/lib/libruby.2.7-static.a, building for macOS-x86_64 but attempting to link with file built for macOS-arm64
checked program was:
/* begin */
 1: #include "ruby.h"
 2: 
 3: #include <sys/uio.h>
 4: 
 5: /*top*/
 6: extern int t(void);
 7: int main(int argc, char **argv)
 8: {
 9:   if (argc > 1000000) {
10:     int (* volatile tp)(void)=(int (*)(void))&t;
11:     printf("%d", (*tp)());
12:   }
13: 
14:   return !!argv[argc];
15: }
16: int t(void) { void ((*volatile p)()); p = (void ((*)()))writev; return !p; }
/* end */

--------------------

have_func: checking for pipe2() in unistd.h... -------------------- no

"gcc -o conftest -I/Users/ht/.rubies/ruby-2.7.7/include/ruby-2.7.0/arm64-darwin21 -I/Users/ht/.rubies/ruby-2.7.7/include/ruby-2.7.0/ruby/backward -I/Users/ht/.rubies/ruby-2.7.7/include/ruby-2.7.0 -I.  -I/opt/homebrew/opt/openssl@1.1/include -I/opt/homebrew/opt/readline/include -I/opt/homebrew/opt/libyaml/include -I/opt/homebrew/opt/gdbm/include -D_XOPEN_SOURCE -D_DARWIN_C_SOURCE -D_DARWIN_UNLIMITED_SELECT -D_REENTRANT   -g -O2 -pipe conftest.c  -L. -L/Users/ht/.rubies/ruby-2.7.7/lib -L/opt/homebrew/opt/openssl@1.1/lib -L/opt/homebrew/opt/readline/lib -L/opt/homebrew/opt/libyaml/lib -L/opt/homebrew/opt/gdbm/lib -L. -fstack-protector-strong -L/opt/homebrew/opt/openssl@1.1/lib -L/opt/homebrew/opt/readline/lib -L/opt/homebrew/opt/libyaml/lib -L/opt/homebrew/opt/gdbm/lib  -m64   -lcrypto -lssl -lruby.2.7-static -framework Security -framework Foundation -lpthread -ldl -lobjc  -lcrypto -lssl  "
conftest.c:16:57: error: use of undeclared identifier 'pipe2'
int t(void) { void ((*volatile p)()); p = (void ((*)()))pipe2; return !p; }
                                                        ^
1 error generated.
checked program was:
/* begin */
 1: #include "ruby.h"
 2: 
 3: #include <unistd.h>
 4: 
 5: /*top*/
 6: extern int t(void);
 7: int main(int argc, char **argv)
 8: {
 9:   if (argc > 1000000) {
10:     int (* volatile tp)(void)=(int (*)(void))&t;
11:     printf("%d", (*tp)());
12:   }
13: 
14:   return !!argv[argc];
15: }
16: int t(void) { void ((*volatile p)()); p = (void ((*)()))pipe2; return !p; }
/* end */

"gcc -o conftest -I/Users/ht/.rubies/ruby-2.7.7/include/ruby-2.7.0/arm64-darwin21 -I/Users/ht/.rubies/ruby-2.7.7/include/ruby-2.7.0/ruby/backward -I/Users/ht/.rubies/ruby-2.7.7/include/ruby-2.7.0 -I.  -I/opt/homebrew/opt/openssl@1.1/include -I/opt/homebrew/opt/readline/include -I/opt/homebrew/opt/libyaml/include -I/opt/homebrew/opt/gdbm/include -D_XOPEN_SOURCE -D_DARWIN_C_SOURCE -D_DARWIN_UNLIMITED_SELECT -D_REENTRANT   -g -O2 -pipe conftest.c  -L. -L/Users/ht/.rubies/ruby-2.7.7/lib -L/opt/homebrew/opt/openssl@1.1/lib -L/opt/homebrew/opt/readline/lib -L/opt/homebrew/opt/libyaml/lib -L/opt/homebrew/opt/gdbm/lib -L. -fstack-protector-strong -L/opt/homebrew/opt/openssl@1.1/lib -L/opt/homebrew/opt/readline/lib -L/opt/homebrew/opt/libyaml/lib -L/opt/homebrew/opt/gdbm/lib  -m64   -lcrypto -lssl -lruby.2.7-static -framework Security -framework Foundation -lpthread -ldl -lobjc  -lcrypto -lssl  "
ld: warning: ignoring file /opt/homebrew/opt/openssl@1.1/lib/libcrypto.dylib, building for macOS-x86_64 but attempting to link with file built for macOS-arm64
ld: warning: ignoring file /opt/homebrew/opt/openssl@1.1/lib/libssl.dylib, building for macOS-x86_64 but attempting to link with file built for macOS-arm64
ld: warning: ignoring file /Users/ht/.rubies/ruby-2.7.7/lib/libruby.2.7-static.a, building for macOS-x86_64 but attempting to link with file built for macOS-arm64
Undefined symbols for architecture x86_64:
  "_pipe2", referenced from:
      _t in conftest-715abd.o
ld: symbol(s) not found for architecture x86_64
clang: error: linker command failed with exit code 1 (use -v to see invocation)
checked program was:
/* begin */
 1: #include "ruby.h"
 2: 
 3: #include <unistd.h>
 4: 
 5: /*top*/
 6: extern int t(void);
 7: int main(int argc, char **argv)
 8: {
 9:   if (argc > 1000000) {
10:     int (* volatile tp)(void)=(int (*)(void))&t;
11:     printf("%d", (*tp)());
12:   }
13: 
14:   return !!argv[argc];
15: }
16: extern void pipe2();
17: int t(void) { pipe2(); return 0; }
/* end */

--------------------

have_func: checking for accept4() in sys/socket.h... -------------------- no

"gcc -o conftest -I/Users/ht/.rubies/ruby-2.7.7/include/ruby-2.7.0/arm64-darwin21 -I/Users/ht/.rubies/ruby-2.7.7/include/ruby-2.7.0/ruby/backward -I/Users/ht/.rubies/ruby-2.7.7/include/ruby-2.7.0 -I.  -I/opt/homebrew/opt/openssl@1.1/include -I/opt/homebrew/opt/readline/include -I/opt/homebrew/opt/libyaml/include -I/opt/homebrew/opt/gdbm/include -D_XOPEN_SOURCE -D_DARWIN_C_SOURCE -D_DARWIN_UNLIMITED_SELECT -D_REENTRANT   -g -O2 -pipe conftest.c  -L. -L/Users/ht/.rubies/ruby-2.7.7/lib -L/opt/homebrew/opt/openssl@1.1/lib -L/opt/homebrew/opt/readline/lib -L/opt/homebrew/opt/libyaml/lib -L/opt/homebrew/opt/gdbm/lib -L. -fstack-protector-strong -L/opt/homebrew/opt/openssl@1.1/lib -L/opt/homebrew/opt/readline/lib -L/opt/homebrew/opt/libyaml/lib -L/opt/homebrew/opt/gdbm/lib  -m64   -lcrypto -lssl -lruby.2.7-static -framework Security -framework Foundation -lpthread -ldl -lobjc  -lcrypto -lssl  "
conftest.c:16:57: error: use of undeclared identifier 'accept4'
int t(void) { void ((*volatile p)()); p = (void ((*)()))accept4; return !p; }
                                                        ^
1 error generated.
checked program was:
/* begin */
 1: #include "ruby.h"
 2: 
 3: #include <sys/socket.h>
 4: 
 5: /*top*/
 6: extern int t(void);
 7: int main(int argc, char **argv)
 8: {
 9:   if (argc > 1000000) {
10:     int (* volatile tp)(void)=(int (*)(void))&t;
11:     printf("%d", (*tp)());
12:   }
13: 
14:   return !!argv[argc];
15: }
16: int t(void) { void ((*volatile p)()); p = (void ((*)()))accept4; return !p; }
/* end */

"gcc -o conftest -I/Users/ht/.rubies/ruby-2.7.7/include/ruby-2.7.0/arm64-darwin21 -I/Users/ht/.rubies/ruby-2.7.7/include/ruby-2.7.0/ruby/backward -I/Users/ht/.rubies/ruby-2.7.7/include/ruby-2.7.0 -I.  -I/opt/homebrew/opt/openssl@1.1/include -I/opt/homebrew/opt/readline/include -I/opt/homebrew/opt/libyaml/include -I/opt/homebrew/opt/gdbm/include -D_XOPEN_SOURCE -D_DARWIN_C_SOURCE -D_DARWIN_UNLIMITED_SELECT -D_REENTRANT   -g -O2 -pipe conftest.c  -L. -L/Users/ht/.rubies/ruby-2.7.7/lib -L/opt/homebrew/opt/openssl@1.1/lib -L/opt/homebrew/opt/readline/lib -L/opt/homebrew/opt/libyaml/lib -L/opt/homebrew/opt/gdbm/lib -L. -fstack-protector-strong -L/opt/homebrew/opt/openssl@1.1/lib -L/opt/homebrew/opt/readline/lib -L/opt/homebrew/opt/libyaml/lib -L/opt/homebrew/opt/gdbm/lib  -m64   -lcrypto -lssl -lruby.2.7-static -framework Security -framework Foundation -lpthread -ldl -lobjc  -lcrypto -lssl  "
ld: warning: ignoring file /opt/homebrew/opt/openssl@1.1/lib/libssl.dylib, building for macOS-x86_64 but attempting to link with file built for macOS-arm64
ld: warning: ignoring file /opt/homebrew/opt/openssl@1.1/lib/libcrypto.dylib, building for macOS-x86_64 but attempting to link with file built for macOS-arm64
ld: warning: ignoring file /Users/ht/.rubies/ruby-2.7.7/lib/libruby.2.7-static.a, building for macOS-x86_64 but attempting to link with file built for macOS-arm64
Undefined symbols for architecture x86_64:
  "_accept4", referenced from:
      _t in conftest-fcdf78.o
ld: symbol(s) not found for architecture x86_64
clang: error: linker command failed with exit code 1 (use -v to see invocation)
checked program was:
/* begin */
 1: #include "ruby.h"
 2: 
 3: #include <sys/socket.h>
 4: 
 5: /*top*/
 6: extern int t(void);
 7: int main(int argc, char **argv)
 8: {
 9:   if (argc > 1000000) {
10:     int (* volatile tp)(void)=(int (*)(void))&t;
11:     printf("%d", (*tp)());
12:   }
13: 
14:   return !!argv[argc];
15: }
16: extern void accept4();
17: int t(void) { accept4(); return 0; }
/* end */

--------------------

have_const: checking for SOCK_CLOEXEC in sys/socket.h... -------------------- no

"gcc -I/Users/ht/.rubies/ruby-2.7.7/include/ruby-2.7.0/arm64-darwin21 -I/Users/ht/.rubies/ruby-2.7.7/include/ruby-2.7.0/ruby/backward -I/Users/ht/.rubies/ruby-2.7.7/include/ruby-2.7.0 -I.  -I/opt/homebrew/opt/openssl@1.1/include -I/opt/homebrew/opt/readline/include -I/opt/homebrew/opt/libyaml/include -I/opt/homebrew/opt/gdbm/include -D_XOPEN_SOURCE -D_DARWIN_C_SOURCE -D_DARWIN_UNLIMITED_SELECT -D_REENTRANT   -g -O2 -pipe -m64  -c conftest.c"
conftest.c:7:34: error: use of undeclared identifier 'SOCK_CLOEXEC'
conftest_type conftestval = (int)SOCK_CLOEXEC;
                                 ^
1 error generated.
checked program was:
/* begin */
1: #include "ruby.h"
2: 
3: #include <sys/socket.h>
4: 
5: /*top*/
6: typedef int conftest_type;
7: conftest_type conftestval = (int)SOCK_CLOEXEC;
/* end */

--------------------

have_header: checking for sys/event.h... -------------------- yes

"gcc -E -I/Users/ht/.rubies/ruby-2.7.7/include/ruby-2.7.0/arm64-darwin21 -I/Users/ht/.rubies/ruby-2.7.7/include/ruby-2.7.0/ruby/backward -I/Users/ht/.rubies/ruby-2.7.7/include/ruby-2.7.0 -I.  -I/opt/homebrew/opt/openssl@1.1/include -I/opt/homebrew/opt/readline/include -I/opt/homebrew/opt/libyaml/include -I/opt/homebrew/opt/gdbm/include -D_XOPEN_SOURCE -D_DARWIN_C_SOURCE -D_DARWIN_UNLIMITED_SELECT -D_REENTRANT   -g -O2 -pipe  conftest.c -o conftest.i"
checked program was:
/* begin */
1: #include "ruby.h"
2: 
3: #include <sys/event.h>
/* end */

--------------------

have_header: checking for sys/queue.h... -------------------- yes

"gcc -E -I/Users/ht/.rubies/ruby-2.7.7/include/ruby-2.7.0/arm64-darwin21 -I/Users/ht/.rubies/ruby-2.7.7/include/ruby-2.7.0/ruby/backward -I/Users/ht/.rubies/ruby-2.7.7/include/ruby-2.7.0 -I.  -I/opt/homebrew/opt/openssl@1.1/include -I/opt/homebrew/opt/readline/include -I/opt/homebrew/opt/libyaml/include -I/opt/homebrew/opt/gdbm/include -D_XOPEN_SOURCE -D_DARWIN_C_SOURCE -D_DARWIN_UNLIMITED_SELECT -D_REENTRANT   -g -O2 -pipe  conftest.c -o conftest.i"
checked program was:
/* begin */
1: #include "ruby.h"
2: 
3: #include <sys/queue.h>
/* end */

--------------------

have_func: checking for clock_gettime()... -------------------- yes

"gcc -o conftest -I/Users/ht/.rubies/ruby-2.7.7/include/ruby-2.7.0/arm64-darwin21 -I/Users/ht/.rubies/ruby-2.7.7/include/ruby-2.7.0/ruby/backward -I/Users/ht/.rubies/ruby-2.7.7/include/ruby-2.7.0 -I.  -I/opt/homebrew/opt/openssl@1.1/include -I/opt/homebrew/opt/readline/include -I/opt/homebrew/opt/libyaml/include -I/opt/homebrew/opt/gdbm/include -D_XOPEN_SOURCE -D_DARWIN_C_SOURCE -D_DARWIN_UNLIMITED_SELECT -D_REENTRANT   -g -O2 -pipe conftest.c  -L. -L/Users/ht/.rubies/ruby-2.7.7/lib -L/opt/homebrew/opt/openssl@1.1/lib -L/opt/homebrew/opt/readline/lib -L/opt/homebrew/opt/libyaml/lib -L/opt/homebrew/opt/gdbm/lib -L. -fstack-protector-strong -L/opt/homebrew/opt/openssl@1.1/lib -L/opt/homebrew/opt/readline/lib -L/opt/homebrew/opt/libyaml/lib -L/opt/homebrew/opt/gdbm/lib  -m64   -lcrypto -lssl -lruby.2.7-static -framework Security -framework Foundation -lpthread -ldl -lobjc  -lcrypto -lssl  "
conftest.c:14:57: error: use of undeclared identifier 'clock_gettime'
int t(void) { void ((*volatile p)()); p = (void ((*)()))clock_gettime; return !p; }
                                                        ^
1 error generated.
checked program was:
/* begin */
 1: #include "ruby.h"
 2: 
 3: /*top*/
 4: extern int t(void);
 5: int main(int argc, char **argv)
 6: {
 7:   if (argc > 1000000) {
 8:     int (* volatile tp)(void)=(int (*)(void))&t;
 9:     printf("%d", (*tp)());
10:   }
11: 
12:   return !!argv[argc];
13: }
14: int t(void) { void ((*volatile p)()); p = (void ((*)()))clock_gettime; return !p; }
/* end */

"gcc -o conftest -I/Users/ht/.rubies/ruby-2.7.7/include/ruby-2.7.0/arm64-darwin21 -I/Users/ht/.rubies/ruby-2.7.7/include/ruby-2.7.0/ruby/backward -I/Users/ht/.rubies/ruby-2.7.7/include/ruby-2.7.0 -I.  -I/opt/homebrew/opt/openssl@1.1/include -I/opt/homebrew/opt/readline/include -I/opt/homebrew/opt/libyaml/include -I/opt/homebrew/opt/gdbm/include -D_XOPEN_SOURCE -D_DARWIN_C_SOURCE -D_DARWIN_UNLIMITED_SELECT -D_REENTRANT   -g -O2 -pipe conftest.c  -L. -L/Users/ht/.rubies/ruby-2.7.7/lib -L/opt/homebrew/opt/openssl@1.1/lib -L/opt/homebrew/opt/readline/lib -L/opt/homebrew/opt/libyaml/lib -L/opt/homebrew/opt/gdbm/lib -L. -fstack-protector-strong -L/opt/homebrew/opt/openssl@1.1/lib -L/opt/homebrew/opt/readline/lib -L/opt/homebrew/opt/libyaml/lib -L/opt/homebrew/opt/gdbm/lib  -m64   -lcrypto -lssl -lruby.2.7-static -framework Security -framework Foundation -lpthread -ldl -lobjc  -lcrypto -lssl  "
ld: warning: ignoring file /opt/homebrew/opt/openssl@1.1/lib/libssl.dylib, building for macOS-x86_64 but attempting to link with file built for macOS-arm64
ld: warning: ignoring file /opt/homebrew/opt/openssl@1.1/lib/libcrypto.dylib, building for macOS-x86_64 but attempting to link with file built for macOS-arm64
ld: warning: ignoring file /Users/ht/.rubies/ruby-2.7.7/lib/libruby.2.7-static.a, building for macOS-x86_64 but attempting to link with file built for macOS-arm64
checked program was:
/* begin */
 1: #include "ruby.h"
 2: 
 3: /*top*/
 4: extern int t(void);
 5: int main(int argc, char **argv)
 6: {
 7:   if (argc > 1000000) {
 8:     int (* volatile tp)(void)=(int (*)(void))&t;
 9:     printf("%d", (*tp)());
10:   }
11: 
12:   return !!argv[argc];
13: }
14: extern void clock_gettime();
15: int t(void) { clock_gettime(); return 0; }
/* end */

--------------------

have_const: checking for CLOCK_MONOTONIC_RAW in time.h... -------------------- yes

"gcc -I/Users/ht/.rubies/ruby-2.7.7/include/ruby-2.7.0/arm64-darwin21 -I/Users/ht/.rubies/ruby-2.7.7/include/ruby-2.7.0/ruby/backward -I/Users/ht/.rubies/ruby-2.7.7/include/ruby-2.7.0 -I.  -I/opt/homebrew/opt/openssl@1.1/include -I/opt/homebrew/opt/readline/include -I/opt/homebrew/opt/libyaml/include -I/opt/homebrew/opt/gdbm/include -D_XOPEN_SOURCE -D_DARWIN_C_SOURCE -D_DARWIN_UNLIMITED_SELECT -D_REENTRANT   -g -O2 -pipe -m64  -c conftest.c"
checked program was:
/* begin */
1: #include "ruby.h"
2: 
3: #include <time.h>
4: 
5: /*top*/
6: typedef int conftest_type;
7: conftest_type conftestval = (int)CLOCK_MONOTONIC_RAW;
/* end */

--------------------

have_const: checking for CLOCK_MONOTONIC in time.h... -------------------- yes

"gcc -I/Users/ht/.rubies/ruby-2.7.7/include/ruby-2.7.0/arm64-darwin21 -I/Users/ht/.rubies/ruby-2.7.7/include/ruby-2.7.0/ruby/backward -I/Users/ht/.rubies/ruby-2.7.7/include/ruby-2.7.0 -I.  -I/opt/homebrew/opt/openssl@1.1/include -I/opt/homebrew/opt/readline/include -I/opt/homebrew/opt/libyaml/include -I/opt/homebrew/opt/gdbm/include -D_XOPEN_SOURCE -D_DARWIN_C_SOURCE -D_DARWIN_UNLIMITED_SELECT -D_REENTRANT   -g -O2 -pipe -m64  -c conftest.c"
checked program was:
/* begin */
1: #include "ruby.h"
2: 
3: #include <time.h>
4: 
5: /*top*/
6: typedef int conftest_type;
7: conftest_type conftestval = (int)CLOCK_MONOTONIC;
/* end */

--------------------

"g++ -o conftest -I/Users/ht/.rubies/ruby-2.7.7/include/ruby-2.7.0/arm64-darwin21 -I/Users/ht/.rubies/ruby-2.7.7/include/ruby-2.7.0/ruby/backward -I/Users/ht/.rubies/ruby-2.7.7/include/ruby-2.7.0 -I.  -I/opt/homebrew/opt/openssl@1.1/include -I/opt/homebrew/opt/readline/include -I/opt/homebrew/opt/libyaml/include -I/opt/homebrew/opt/gdbm/include -D_XOPEN_SOURCE -D_DARWIN_C_SOURCE -D_DARWIN_UNLIMITED_SELECT -D_REENTRANT   -g -O2 -pipe conftest.c  -L. -L/Users/ht/.rubies/ruby-2.7.7/lib -L/opt/homebrew/opt/openssl@1.1/lib -L/opt/homebrew/opt/readline/lib -L/opt/homebrew/opt/libyaml/lib -L/opt/homebrew/opt/gdbm/lib -L. -fstack-protector-strong -L/opt/homebrew/opt/openssl@1.1/lib -L/opt/homebrew/opt/readline/lib -L/opt/homebrew/opt/libyaml/lib -L/opt/homebrew/opt/gdbm/lib  -m64   -lcrypto -lssl -lruby.2.7-static -framework Security -framework Foundation -lpthread -ldl -lobjc -Wall  "
clang: warning: treating 'c' input as 'c++' when in C++ mode, this behavior is deprecated [-Wdeprecated]
ld: warning: ld: warning: ignoring file /opt/homebrew/opt/openssl@1.1/lib/libssl.dylib, building for macOS-x86_64 but attempting to link with file built for macOS-arm64
ld: warning: ignoring file /opt/homebrew/opt/openssl@1.1/lib/libcrypto.dylib, building for macOS-x86_64 but attempting to link with file built for macOS-arm64
ignoring file /Users/ht/.rubies/ruby-2.7.7/lib/libruby.2.7-static.a, building for macOS-x86_64 but attempting to link with file built for macOS-arm64
checked program was:
/* begin */
1: #include "ruby.h"
2: 
3: int main() {return 0;}
/* end */

"g++ -o conftest -I/Users/ht/.rubies/ruby-2.7.7/include/ruby-2.7.0/arm64-darwin21 -I/Users/ht/.rubies/ruby-2.7.7/include/ruby-2.7.0/ruby/backward -I/Users/ht/.rubies/ruby-2.7.7/include/ruby-2.7.0 -I.  -I/opt/homebrew/opt/openssl@1.1/include -I/opt/homebrew/opt/readline/include -I/opt/homebrew/opt/libyaml/include -I/opt/homebrew/opt/gdbm/include -D_XOPEN_SOURCE -D_DARWIN_C_SOURCE -D_DARWIN_UNLIMITED_SELECT -D_REENTRANT   -g -O2 -pipe conftest.c  -L. -L/Users/ht/.rubies/ruby-2.7.7/lib -L/opt/homebrew/opt/openssl@1.1/lib -L/opt/homebrew/opt/readline/lib -L/opt/homebrew/opt/libyaml/lib -L/opt/homebrew/opt/gdbm/lib -L. -fstack-protector-strong -L/opt/homebrew/opt/openssl@1.1/lib -L/opt/homebrew/opt/readline/lib -L/opt/homebrew/opt/libyaml/lib -L/opt/homebrew/opt/gdbm/lib  -m64   -lcrypto -lssl -lruby.2.7-static -framework Security -framework Foundation -lpthread -ldl -lobjc -Wextra  "
clang: warning: treating 'c' input as 'c++' when in C++ mode, this behavior is deprecated [-Wdeprecated]
ld: warning: ignoring file /opt/homebrew/opt/openssl@1.1/lib/libcrypto.dylib, building for macOS-x86_64 but attempting to link with file built for macOS-arm64
ld: warning: ignoring file /opt/homebrew/opt/openssl@1.1/lib/libssl.dylib, building for macOS-x86_64 but attempting to link with file built for macOS-arm64
ld: warning: ignoring file /Users/ht/.rubies/ruby-2.7.7/lib/libruby.2.7-static.a, building for macOS-x86_64 but attempting to link with file built for macOS-arm64
checked program was:
/* begin */
1: #include "ruby.h"
2: 
3: int main() {return 0;}
/* end */

"g++ -o conftest -I/Users/ht/.rubies/ruby-2.7.7/include/ruby-2.7.0/arm64-darwin21 -I/Users/ht/.rubies/ruby-2.7.7/include/ruby-2.7.0/ruby/backward -I/Users/ht/.rubies/ruby-2.7.7/include/ruby-2.7.0 -I.  -I/opt/homebrew/opt/openssl@1.1/include -I/opt/homebrew/opt/readline/include -I/opt/homebrew/opt/libyaml/include -I/opt/homebrew/opt/gdbm/include -D_XOPEN_SOURCE -D_DARWIN_C_SOURCE -D_DARWIN_UNLIMITED_SELECT -D_REENTRANT   -g -O2 -pipe conftest.c  -L. -L/Users/ht/.rubies/ruby-2.7.7/lib -L/opt/homebrew/opt/openssl@1.1/lib -L/opt/homebrew/opt/readline/lib -L/opt/homebrew/opt/libyaml/lib -L/opt/homebrew/opt/gdbm/lib -L. -fstack-protector-strong -L/opt/homebrew/opt/openssl@1.1/lib -L/opt/homebrew/opt/readline/lib -L/opt/homebrew/opt/libyaml/lib -L/opt/homebrew/opt/gdbm/lib  -m64   -lcrypto -lssl -lruby.2.7-static -framework Security -framework Foundation -lpthread -ldl -lobjc -Wno-deprecated-declarations  "
clang: warning: treating 'c' input as 'c++' when in C++ mode, this behavior is deprecated [-Wdeprecated]
ld: warning: ignoring file /opt/homebrew/opt/openssl@1.1/lib/libcrypto.dylib, building for macOS-x86_64 but attempting to link with file built for macOS-arm64
ld: warning: ignoring file /Users/ht/.rubies/ruby-2.7.7/lib/libruby.2.7-static.a, building for macOS-x86_64 but attempting to link with file built for macOS-arm64
ld: warning: ignoring file /opt/homebrew/opt/openssl@1.1/lib/libssl.dylib, building for macOS-x86_64 but attempting to link with file built for macOS-arm64
checked program was:
/* begin */
1: #include "ruby.h"
2: 
3: int main() {return 0;}
/* end */

"g++ -o conftest -I/Users/ht/.rubies/ruby-2.7.7/include/ruby-2.7.0/arm64-darwin21 -I/Users/ht/.rubies/ruby-2.7.7/include/ruby-2.7.0/ruby/backward -I/Users/ht/.rubies/ruby-2.7.7/include/ruby-2.7.0 -I.  -I/opt/homebrew/opt/openssl@1.1/include -I/opt/homebrew/opt/readline/include -I/opt/homebrew/opt/libyaml/include -I/opt/homebrew/opt/gdbm/include -D_XOPEN_SOURCE -D_DARWIN_C_SOURCE -D_DARWIN_UNLIMITED_SELECT -D_REENTRANT   -g -O2 -pipe conftest.c  -L. -L/Users/ht/.rubies/ruby-2.7.7/lib -L/opt/homebrew/opt/openssl@1.1/lib -L/opt/homebrew/opt/readline/lib -L/opt/homebrew/opt/libyaml/lib -L/opt/homebrew/opt/gdbm/lib -L. -fstack-protector-strong -L/opt/homebrew/opt/openssl@1.1/lib -L/opt/homebrew/opt/readline/lib -L/opt/homebrew/opt/libyaml/lib -L/opt/homebrew/opt/gdbm/lib  -m64   -lcrypto -lssl -lruby.2.7-static -framework Security -framework Foundation -lpthread -ldl -lobjc -Wno-ignored-qualifiers  "
clang: warning: treating 'c' input as 'c++' when in C++ mode, this behavior is deprecated [-Wdeprecated]
ld: warning: ignoring file /opt/homebrew/opt/openssl@1.1/lib/libssl.dylib, building for macOS-x86_64 but attempting to link with file built for macOS-arm64
ld: warning: ignoring file /Users/ht/.rubies/ruby-2.7.7/lib/libruby.2.7-static.a, building for macOS-x86_64 but attempting to link with file built for macOS-arm64
ld: warning: ignoring file /opt/homebrew/opt/openssl@1.1/lib/libcrypto.dylib, building for macOS-x86_64 but attempting to link with file built for macOS-arm64
checked program was:
/* begin */
1: #include "ruby.h"
2: 
3: int main() {return 0;}
/* end */

"g++ -o conftest -I/Users/ht/.rubies/ruby-2.7.7/include/ruby-2.7.0/arm64-darwin21 -I/Users/ht/.rubies/ruby-2.7.7/include/ruby-2.7.0/ruby/backward -I/Users/ht/.rubies/ruby-2.7.7/include/ruby-2.7.0 -I.  -I/opt/homebrew/opt/openssl@1.1/include -I/opt/homebrew/opt/readline/include -I/opt/homebrew/opt/libyaml/include -I/opt/homebrew/opt/gdbm/include -D_XOPEN_SOURCE -D_DARWIN_C_SOURCE -D_DARWIN_UNLIMITED_SELECT -D_REENTRANT   -g -O2 -pipe conftest.c  -L. -L/Users/ht/.rubies/ruby-2.7.7/lib -L/opt/homebrew/opt/openssl@1.1/lib -L/opt/homebrew/opt/readline/lib -L/opt/homebrew/opt/libyaml/lib -L/opt/homebrew/opt/gdbm/lib -L. -fstack-protector-strong -L/opt/homebrew/opt/openssl@1.1/lib -L/opt/homebrew/opt/readline/lib -L/opt/homebrew/opt/libyaml/lib -L/opt/homebrew/opt/gdbm/lib  -m64   -lcrypto -lssl -lruby.2.7-static -framework Security -framework Foundation -lpthread -ldl -lobjc -Wno-unused-result  "
clang: warning: treating 'c' input as 'c++' when in C++ mode, this behavior is deprecated [-Wdeprecated]
ld: warning: ignoring file /opt/homebrew/opt/openssl@1.1/lib/libssl.dylib, building for macOS-x86_64 but attempting to link with file built for macOS-arm64
ld: warning: ignoring file /opt/homebrew/opt/openssl@1.1/lib/libcrypto.dylib, building for macOS-x86_64 but attempting to link with file built for macOS-arm64
ld: warning: ignoring file /Users/ht/.rubies/ruby-2.7.7/lib/libruby.2.7-static.a, building for macOS-x86_64 but attempting to link with file built for macOS-arm64
checked program was:
/* begin */
1: #include "ruby.h"
2: 
3: int main() {return 0;}
/* end */

"g++ -o conftest -I/Users/ht/.rubies/ruby-2.7.7/include/ruby-2.7.0/arm64-darwin21 -I/Users/ht/.rubies/ruby-2.7.7/include/ruby-2.7.0/ruby/backward -I/Users/ht/.rubies/ruby-2.7.7/include/ruby-2.7.0 -I.  -I/opt/homebrew/opt/openssl@1.1/include -I/opt/homebrew/opt/readline/include -I/opt/homebrew/opt/libyaml/include -I/opt/homebrew/opt/gdbm/include -D_XOPEN_SOURCE -D_DARWIN_C_SOURCE -D_DARWIN_UNLIMITED_SELECT -D_REENTRANT   -g -O2 -pipe conftest.c  -L. -L/Users/ht/.rubies/ruby-2.7.7/lib -L/opt/homebrew/opt/openssl@1.1/lib -L/opt/homebrew/opt/readline/lib -L/opt/homebrew/opt/libyaml/lib -L/opt/homebrew/opt/gdbm/lib -L. -fstack-protector-strong -L/opt/homebrew/opt/openssl@1.1/lib -L/opt/homebrew/opt/readline/lib -L/opt/homebrew/opt/libyaml/lib -L/opt/homebrew/opt/gdbm/lib  -m64   -lcrypto -lssl -lruby.2.7-static -framework Security -framework Foundation -lpthread -ldl -lobjc -Wno-address  "
clang: warning: treating 'c' input as 'c++' when in C++ mode, this behavior is deprecated [-Wdeprecated]
ld: warning: ignoring file /Users/ht/.rubies/ruby-2.7.7/lib/libruby.2.7-static.a, building for macOS-x86_64 but attempting to link with file built for macOS-arm64
ld: warning: ignoring file /opt/homebrew/opt/openssl@1.1/lib/libcrypto.dylib, building for macOS-x86_64 but attempting to link with file built for macOS-arm64
ld: warning: ignoring file /opt/homebrew/opt/openssl@1.1/lib/libssl.dylib, building for macOS-x86_64 but attempting to link with file built for macOS-arm64
checked program was:
/* begin */
1: #include "ruby.h"
2: 
3: int main() {return 0;}
/* end */

"g++ -o conftest -I/Users/ht/.rubies/ruby-2.7.7/include/ruby-2.7.0/arm64-darwin21 -I/Users/ht/.rubies/ruby-2.7.7/include/ruby-2.7.0/ruby/backward -I/Users/ht/.rubies/ruby-2.7.7/include/ruby-2.7.0 -I.  -I/opt/homebrew/opt/openssl@1.1/include -I/opt/homebrew/opt/readline/include -I/opt/homebrew/opt/libyaml/include -I/opt/homebrew/opt/gdbm/include -D_XOPEN_SOURCE -D_DARWIN_C_SOURCE -D_DARWIN_UNLIMITED_SELECT -D_REENTRANT   -g -O2 -pipe conftest.c  -L. -L/Users/ht/.rubies/ruby-2.7.7/lib -L/opt/homebrew/opt/openssl@1.1/lib -L/opt/homebrew/opt/readline/lib -L/opt/homebrew/opt/libyaml/lib -L/opt/homebrew/opt/gdbm/lib -L. -fstack-protector-strong -L/opt/homebrew/opt/openssl@1.1/lib -L/opt/homebrew/opt/readline/lib -L/opt/homebrew/opt/libyaml/lib -L/opt/homebrew/opt/gdbm/lib  -m64   -lcrypto -lssl -lruby.2.7-static -framework Security -framework Foundation -lpthread -ldl -lobjc -lstdc++  "
clang: warning: treating 'c' input as 'c++' when in C++ mode, this behavior is deprecated [-Wdeprecated]
ld: warning: ignoring file /opt/homebrew/opt/openssl@1.1/lib/libssl.dylib, building for macOS-x86_64 but attempting to link with file built for macOS-arm64
ld: warning: ignoring file /opt/homebrew/opt/openssl@1.1/lib/libcrypto.dylib, building for macOS-x86_64 but attempting to link with file built for macOS-arm64
ld: warning: ignoring file /Users/ht/.rubies/ruby-2.7.7/lib/libruby.2.7-static.a, building for macOS-x86_64 but attempting to link with file built for macOS-arm64
checked program was:
/* begin */
1: #include "ruby.h"
2: 
3:   #include <utility>
4:   using namespace std;
5:   int main(){ pair<const int,int> tuple = make_pair(1,2); }
/* end */

