have_func: checking for rb_block_call()... -------------------- no

"gcc -o conftest -I/Users/ht/.rubies/ruby-2.7.7/include/ruby-2.7.0/arm64-darwin21 -I/Users/ht/.rubies/ruby-2.7.7/include/ruby-2.7.0/ruby/backward -I/Users/ht/.rubies/ruby-2.7.7/include/ruby-2.7.0 -I.  -I/opt/homebrew/opt/openssl@1.1/include -I/opt/homebrew/opt/readline/include -I/opt/homebrew/opt/libyaml/include -I/opt/homebrew/opt/gdbm/include -D_XOPEN_SOURCE -D_DARWIN_C_SOURCE -D_DARWIN_UNLIMITED_SELECT -D_REENTRANT   -g -O2 -pipe conftest.c  -L. -L/Users/ht/.rubies/ruby-2.7.7/lib -L/opt/homebrew/opt/openssl@1.1/lib -L/opt/homebrew/opt/readline/lib -L/opt/homebrew/opt/libyaml/lib -L/opt/homebrew/opt/gdbm/lib -L. -fstack-protector-strong -L/opt/homebrew/opt/openssl@1.1/lib -L/opt/homebrew/opt/readline/lib -L/opt/homebrew/opt/libyaml/lib -L/opt/homebrew/opt/gdbm/lib  -m64   -lruby.2.7-static -framework Security -framework Foundation -lpthread -ldl -lobjc   "
ld: warning: ignoring file /Users/ht/.rubies/ruby-2.7.7/lib/libruby.2.7-static.a, building for macOS-x86_64 but attempting to link with file built for macOS-arm64
checked program was:
/* begin */
1: #include "ruby.h"
2: 
3: int main(int argc, char **argv)
4: {
5:   return !!argv[argc];
6: }
/* end */

"gcc -o conftest -I/Users/ht/.rubies/ruby-2.7.7/include/ruby-2.7.0/arm64-darwin21 -I/Users/ht/.rubies/ruby-2.7.7/include/ruby-2.7.0/ruby/backward -I/Users/ht/.rubies/ruby-2.7.7/include/ruby-2.7.0 -I.  -I/opt/homebrew/opt/openssl@1.1/include -I/opt/homebrew/opt/readline/include -I/opt/homebrew/opt/libyaml/include -I/opt/homebrew/opt/gdbm/include -D_XOPEN_SOURCE -D_DARWIN_C_SOURCE -D_DARWIN_UNLIMITED_SELECT -D_REENTRANT   -g -O2 -pipe conftest.c  -L. -L/Users/ht/.rubies/ruby-2.7.7/lib -L/opt/homebrew/opt/openssl@1.1/lib -L/opt/homebrew/opt/readline/lib -L/opt/homebrew/opt/libyaml/lib -L/opt/homebrew/opt/gdbm/lib -L. -fstack-protector-strong -L/opt/homebrew/opt/openssl@1.1/lib -L/opt/homebrew/opt/readline/lib -L/opt/homebrew/opt/libyaml/lib -L/opt/homebrew/opt/gdbm/lib  -m64   -lruby.2.7-static -framework Security -framework Foundation -lpthread -ldl -lobjc   "
ld: warning: ignoring file /Users/ht/.rubies/ruby-2.7.7/lib/libruby.2.7-static.a, building for macOS-x86_64 but attempting to link with file built for macOS-arm64
Undefined symbols for architecture x86_64:
  "_rb_block_call", referenced from:
      _t in conftest-2dbe25.o
ld: symbol(s) not found for architecture x86_64
clang: error: linker command failed with exit code 1 (use -v to see invocation)
checked program was:
/* begin */
 1: #include "ruby.h"
 2: 
 3: /*top*/
 4: extern int t(void);
 5: int main(int argc, char **argv)
 6: {
 7:   if (argc > 1000000) {
 8:     int (* volatile tp)(void)=(int (*)(void))&t;
 9:     printf("%d", (*tp)());
10:   }
11: 
12:   return !!argv[argc];
13: }
14: int t(void) { void ((*volatile p)()); p = (void ((*)()))rb_block_call; return !p; }
/* end */

"gcc -o conftest -I/Users/ht/.rubies/ruby-2.7.7/include/ruby-2.7.0/arm64-darwin21 -I/Users/ht/.rubies/ruby-2.7.7/include/ruby-2.7.0/ruby/backward -I/Users/ht/.rubies/ruby-2.7.7/include/ruby-2.7.0 -I.  -I/opt/homebrew/opt/openssl@1.1/include -I/opt/homebrew/opt/readline/include -I/opt/homebrew/opt/libyaml/include -I/opt/homebrew/opt/gdbm/include -D_XOPEN_SOURCE -D_DARWIN_C_SOURCE -D_DARWIN_UNLIMITED_SELECT -D_REENTRANT   -g -O2 -pipe conftest.c  -L. -L/Users/ht/.rubies/ruby-2.7.7/lib -L/opt/homebrew/opt/openssl@1.1/lib -L/opt/homebrew/opt/readline/lib -L/opt/homebrew/opt/libyaml/lib -L/opt/homebrew/opt/gdbm/lib -L. -fstack-protector-strong -L/opt/homebrew/opt/openssl@1.1/lib -L/opt/homebrew/opt/readline/lib -L/opt/homebrew/opt/libyaml/lib -L/opt/homebrew/opt/gdbm/lib  -m64   -lruby.2.7-static -framework Security -framework Foundation -lpthread -ldl -lobjc   "
conftest.c:14:13: error: conflicting types for 'rb_block_call'
extern void rb_block_call();
            ^
/Users/ht/.rubies/ruby-2.7.7/include/ruby-2.7.0/ruby/ruby.h:1987:7: note: previous declaration is here
VALUE rb_block_call(VALUE,ID,int,const VALUE*,rb_block_call_func_t,VALUE);
      ^
conftest.c:15:29: error: too few arguments to function call, expected 6, have 0
int t(void) { rb_block_call(); return 0; }
              ~~~~~~~~~~~~~ ^
/Users/ht/.rubies/ruby-2.7.7/include/ruby-2.7.0/ruby/ruby.h:1987:7: note: 'rb_block_call' declared here
VALUE rb_block_call(VALUE,ID,int,const VALUE*,rb_block_call_func_t,VALUE);
      ^
2 errors generated.
checked program was:
/* begin */
 1: #include "ruby.h"
 2: 
 3: /*top*/
 4: extern int t(void);
 5: int main(int argc, char **argv)
 6: {
 7:   if (argc > 1000000) {
 8:     int (* volatile tp)(void)=(int (*)(void))&t;
 9:     printf("%d", (*tp)());
10:   }
11: 
12:   return !!argv[argc];
13: }
14: extern void rb_block_call();
15: int t(void) { rb_block_call(); return 0; }
/* end */

--------------------

have_func: checking for rb_ary_subseq()... -------------------- no

"gcc -o conftest -I/Users/ht/.rubies/ruby-2.7.7/include/ruby-2.7.0/arm64-darwin21 -I/Users/ht/.rubies/ruby-2.7.7/include/ruby-2.7.0/ruby/backward -I/Users/ht/.rubies/ruby-2.7.7/include/ruby-2.7.0 -I.  -I/opt/homebrew/opt/openssl@1.1/include -I/opt/homebrew/opt/readline/include -I/opt/homebrew/opt/libyaml/include -I/opt/homebrew/opt/gdbm/include -D_XOPEN_SOURCE -D_DARWIN_C_SOURCE -D_DARWIN_UNLIMITED_SELECT -D_REENTRANT   -g -O2 -pipe conftest.c  -L. -L/Users/ht/.rubies/ruby-2.7.7/lib -L/opt/homebrew/opt/openssl@1.1/lib -L/opt/homebrew/opt/readline/lib -L/opt/homebrew/opt/libyaml/lib -L/opt/homebrew/opt/gdbm/lib -L. -fstack-protector-strong -L/opt/homebrew/opt/openssl@1.1/lib -L/opt/homebrew/opt/readline/lib -L/opt/homebrew/opt/libyaml/lib -L/opt/homebrew/opt/gdbm/lib  -m64   -lruby.2.7-static -framework Security -framework Foundation -lpthread -ldl -lobjc   "
ld: warning: ignoring file /Users/ht/.rubies/ruby-2.7.7/lib/libruby.2.7-static.a, building for macOS-x86_64 but attempting to link with file built for macOS-arm64
Undefined symbols for architecture x86_64:
  "_rb_ary_subseq", referenced from:
      _t in conftest-0ae121.o
ld: symbol(s) not found for architecture x86_64
clang: error: linker command failed with exit code 1 (use -v to see invocation)
checked program was:
/* begin */
 1: #include "ruby.h"
 2: 
 3: /*top*/
 4: extern int t(void);
 5: int main(int argc, char **argv)
 6: {
 7:   if (argc > 1000000) {
 8:     int (* volatile tp)(void)=(int (*)(void))&t;
 9:     printf("%d", (*tp)());
10:   }
11: 
12:   return !!argv[argc];
13: }
14: int t(void) { void ((*volatile p)()); p = (void ((*)()))rb_ary_subseq; return !p; }
/* end */

"gcc -o conftest -I/Users/ht/.rubies/ruby-2.7.7/include/ruby-2.7.0/arm64-darwin21 -I/Users/ht/.rubies/ruby-2.7.7/include/ruby-2.7.0/ruby/backward -I/Users/ht/.rubies/ruby-2.7.7/include/ruby-2.7.0 -I.  -I/opt/homebrew/opt/openssl@1.1/include -I/opt/homebrew/opt/readline/include -I/opt/homebrew/opt/libyaml/include -I/opt/homebrew/opt/gdbm/include -D_XOPEN_SOURCE -D_DARWIN_C_SOURCE -D_DARWIN_UNLIMITED_SELECT -D_REENTRANT   -g -O2 -pipe conftest.c  -L. -L/Users/ht/.rubies/ruby-2.7.7/lib -L/opt/homebrew/opt/openssl@1.1/lib -L/opt/homebrew/opt/readline/lib -L/opt/homebrew/opt/libyaml/lib -L/opt/homebrew/opt/gdbm/lib -L. -fstack-protector-strong -L/opt/homebrew/opt/openssl@1.1/lib -L/opt/homebrew/opt/readline/lib -L/opt/homebrew/opt/libyaml/lib -L/opt/homebrew/opt/gdbm/lib  -m64   -lruby.2.7-static -framework Security -framework Foundation -lpthread -ldl -lobjc   "
conftest.c:14:13: error: conflicting types for 'rb_ary_subseq'
extern void rb_ary_subseq();
            ^
/Users/ht/.rubies/ruby-2.7.7/include/ruby-2.7.0/ruby/intern.h:73:7: note: previous declaration is here
VALUE rb_ary_subseq(VALUE, long, long);
      ^
conftest.c:15:29: error: too few arguments to function call, expected 3, have 0
int t(void) { rb_ary_subseq(); return 0; }
              ~~~~~~~~~~~~~ ^
/Users/ht/.rubies/ruby-2.7.7/include/ruby-2.7.0/ruby/intern.h:73:7: note: 'rb_ary_subseq' declared here
VALUE rb_ary_subseq(VALUE, long, long);
      ^
2 errors generated.
checked program was:
/* begin */
 1: #include "ruby.h"
 2: 
 3: /*top*/
 4: extern int t(void);
 5: int main(int argc, char **argv)
 6: {
 7:   if (argc > 1000000) {
 8:     int (* volatile tp)(void)=(int (*)(void))&t;
 9:     printf("%d", (*tp)());
10:   }
11: 
12:   return !!argv[argc];
13: }
14: extern void rb_ary_subseq();
15: int t(void) { rb_ary_subseq(); return 0; }
/* end */

--------------------

